2022-12-09 16:31:16,817 INFO:user with id: nazaroff create a card with id: 88
2022-12-09 16:33:14,860 INFO:user with id: nazaroff create a card with id: 89
2022-12-09 16:48:05,335 INFO:user with id: nazaroff create a card with id: 90
2022-12-09 17:00:14,064 INFO:user with id: nazaroff create a card with id: 91
2022-12-09 17:31:55,672 INFO:user with id: nazaroff create a card with id: 92
2022-12-09 17:33:49,719 INFO:user with id: nazaroff create a card with id: 93
2022-12-09 18:28:17,120 INFO:user with id: 2 complained about the card with id: 85 report id: 13
2022-12-11 09:49:52,171 INFO:user with id:2 added audio for card with id:84 number of overwrites:1 file_path: /home/nazaroff/My_project/git/michelin-dictator/michelinDictator/media/card_84/audios/2_11-12-2022_09-49-52_audio.wav
2022-12-11 09:49:52,172 INFO:user with id:2 added audio for card with id:84 number of overwrites:0 file_path: /home/nazaroff/My_project/git/michelin-dictator/michelinDictator/media/card_84/video/2_11-12-2022_09-49-52_video.mp4
2022-12-11 09:51:59,028 INFO:user with id: nazaroff create a card with id: 94
2022-12-11 11:57:54,987 INFO:user with id: nazaroff create a card with id: 95
2022-12-11 11:57:54,989 INFO:user with id: nazaroff create a card with id: 96
2022-12-11 11:57:54,992 INFO:user with id: nazaroff create a card with id: 97
2022-12-11 11:57:54,994 INFO:user with id: nazaroff create a card with id: 98
2022-12-11 11:57:54,997 INFO:user with id: nazaroff create a card with id: 99
2022-12-11 11:57:54,999 INFO:user with id: nazaroff create a card with id: 100
2022-12-11 11:57:55,001 INFO:user with id: nazaroff create a card with id: 101
2022-12-11 11:57:55,002 INFO:user with id: nazaroff create a card with id: 102
2022-12-11 11:57:55,004 INFO:user with id: nazaroff create a card with id: 103
2022-12-11 11:57:55,005 INFO:user with id: nazaroff create a card with id: 104
2022-12-11 11:57:55,007 INFO:user with id: nazaroff create a card with id: 105
2022-12-11 11:57:55,008 INFO:user with id: nazaroff create a card with id: 106
2022-12-11 11:57:55,010 INFO:user with id: nazaroff create a card with id: 107
2022-12-11 11:57:55,013 INFO:user with id: nazaroff create a card with id: 108
2022-12-11 11:57:55,015 INFO:user with id: nazaroff create a card with id: 109
2022-12-11 11:57:55,017 INFO:user with id: nazaroff create a card with id: 110
2022-12-11 11:57:55,019 INFO:user with id: nazaroff create a card with id: 111
2022-12-11 11:57:55,021 INFO:user with id: nazaroff create a card with id: 112
2022-12-11 11:57:55,023 INFO:user with id: nazaroff create a card with id: 113
2022-12-11 11:57:55,025 INFO:user with id: nazaroff create a card with id: 114
2022-12-11 11:57:55,027 INFO:user with id: nazaroff create a card with id: 115
2022-12-11 11:57:55,029 INFO:user with id: nazaroff create a card with id: 116
2022-12-11 11:57:55,031 INFO:user with id: nazaroff create a card with id: 117
2022-12-11 11:57:55,033 INFO:user with id: nazaroff create a card with id: 118
2022-12-11 11:57:55,035 INFO:user with id: nazaroff create a card with id: 119
2022-12-11 11:57:55,037 INFO:user with id: nazaroff create a card with id: 120
2022-12-11 11:57:55,039 INFO:user with id: nazaroff create a card with id: 121
2022-12-11 11:57:55,040 INFO:user with id: nazaroff create a card with id: 122
2022-12-11 11:57:55,042 INFO:user with id: nazaroff create a card with id: 123
2022-12-11 11:57:55,044 INFO:user with id: nazaroff create a card with id: 124
2022-12-11 11:57:55,046 INFO:user with id: nazaroff create a card with id: 125
2022-12-11 11:57:55,050 INFO:user with id: nazaroff create a card with id: 126
2022-12-11 11:57:55,052 INFO:user with id: nazaroff create a card with id: 127
2022-12-11 11:57:55,054 INFO:user with id: nazaroff create a card with id: 128
2022-12-11 11:57:55,056 INFO:user with id: nazaroff create a card with id: 129
2022-12-11 11:57:55,057 INFO:user with id: nazaroff create a card with id: 130
2022-12-11 11:57:55,059 INFO:user with id: nazaroff create a card with id: 131
2022-12-11 11:57:55,062 INFO:user with id: nazaroff create a card with id: 132
2022-12-11 11:57:55,063 INFO:user with id: nazaroff create a card with id: 133
2022-12-11 11:57:55,065 INFO:user with id: nazaroff create a card with id: 134
2022-12-11 11:57:55,067 INFO:user with id: nazaroff create a card with id: 135
2022-12-11 11:57:55,068 INFO:user with id: nazaroff create a card with id: 136
2022-12-11 11:57:55,070 INFO:user with id: nazaroff create a card with id: 137
2022-12-11 11:57:55,071 INFO:user with id: nazaroff create a card with id: 138
2022-12-11 11:57:55,074 INFO:user with id: nazaroff create a card with id: 139
2022-12-11 11:57:55,075 INFO:user with id: nazaroff create a card with id: 140
2022-12-11 11:57:55,078 INFO:user with id: nazaroff create a card with id: 141
2022-12-11 11:57:55,080 INFO:user with id: nazaroff create a card with id: 142
2022-12-11 11:57:55,081 INFO:user with id: nazaroff create a card with id: 143
2022-12-11 11:57:55,083 INFO:user with id: nazaroff create a card with id: 144
2022-12-11 11:57:55,085 INFO:user with id: nazaroff create a card with id: 145
2022-12-11 11:57:55,087 INFO:user with id: nazaroff create a card with id: 146
2022-12-11 11:57:55,088 INFO:user with id: nazaroff create a card with id: 147
2022-12-11 11:57:55,091 INFO:user with id: nazaroff create a card with id: 148
2022-12-11 12:06:58,067 INFO:user with id: nazaroff create a card with id: 149
2022-12-11 12:06:58,070 INFO:user with id: nazaroff create a card with id: 150
2022-12-11 12:06:58,072 INFO:user with id: nazaroff create a card with id: 151
2022-12-11 16:57:54,310 INFO:user with id: max create a card with id: 33
2022-12-11 16:59:17,622 INFO:user with id: 2 complained about the card with id: 33 report id: 10
2022-12-11 21:37:10,266 INFO:user with id:3 added audio for card with id:7 number of overwrites:1 file_path: /home/prikhodko/Рабочий стол/michelin-dictator/michelinDictator/media/card_7/audios/3_11-12-2022_21-37-10_audio.wav
2022-12-11 21:37:24,731 INFO:user with id:3 added audio for card with id:8 number of overwrites:1 file_path: /home/prikhodko/Рабочий стол/michelin-dictator/michelinDictator/media/card_8/audios/3_11-12-2022_21-37-24_audio.wav
2022-12-12 06:37:14,476 INFO:user with id: max create a card with id: 34
2022-12-12 06:37:44,347 INFO:user with id:2 added audio for card with id:34 number of overwrites:1 file_path: /home/user/michelin-dictator/michelinDictator/media/card_34/audios/2_12-12-2022_06-37-44_audio.wav
2022-12-12 06:37:44,355 INFO:user with id:2 added audio for card with id:34 number of overwrites:0 file_path: /home/user/michelin-dictator/michelinDictator/media/card_34/video/2_12-12-2022_06-37-44_video.mp4
